[2025-09-09 22:14:52] local.ERROR: include_once(D:\WindSurfProjects\raspadinha_29do7\routes/groups/api/gateways/lotuspay.php): Failed to open stream: No such file or directory {"exception":"[object] (ErrorException(code: 0): include_once(D:\\WindSurfProjects\\raspadinha_29do7\\routes/groups/api/gateways/lotuspay.php): Failed to open stream: No such file or directory at D:\\WindSurfProjects\\raspadinha_29do7\\routes\\api.php:91)
[stacktrace]
#0 D:\\WindSurfProjects\\raspadinha_29do7\\vendor\\laravel\\framework\\src\\Illuminate\\Foundation\\Bootstrap\\HandleExceptions.php(255): Illuminate\\Foundation\\Bootstrap\\HandleExceptions->handleError()
#1 D:\\WindSurfProjects\\raspadinha_29do7\\routes\\api.php(91): Illuminate\\Foundation\\Bootstrap\\HandleExceptions->{closure:Illuminate\\Foundation\\Bootstrap\\HandleExceptions::forwardsTo():254}()
#2 D:\\WindSurfProjects\\raspadinha_29do7\\routes\\api.php(91): include_once('...')
#3 D:\\WindSurfProjects\\raspadinha_29do7\\vendor\\laravel\\framework\\src\\Illuminate\\Routing\\RouteFileRegistrar.php(35): require('...')
#4 D:\\WindSurfProjects\\raspadinha_29do7\\vendor\\laravel\\framework\\src\\Illuminate\\Routing\\Router.php(511): Illuminate\\Routing\\RouteFileRegistrar->register()
#5 D:\\WindSurfProjects\\raspadinha_29do7\\vendor\\laravel\\framework\\src\\Illuminate\\Routing\\Router.php(465): Illuminate\\Routing\\Router->loadRoutes()
#6 D:\\WindSurfProjects\\raspadinha_29do7\\vendor\\laravel\\framework\\src\\Illuminate\\Routing\\RouteRegistrar.php(194): Illuminate\\Routing\\Router->group()
#7 D:\\WindSurfProjects\\raspadinha_29do7\\app\\Providers\\RouteServiceProvider.php(35): Illuminate\\Routing\\RouteRegistrar->group()
#8 D:\\WindSurfProjects\\raspadinha_29do7\\vendor\\laravel\\framework\\src\\Illuminate\\Container\\BoundMethod.php(36): App\\Providers\\RouteServiceProvider->{closure:App\\Providers\\RouteServiceProvider::boot():32}()
#9 D:\\WindSurfProjects\\raspadinha_29do7\\vendor\\laravel\\framework\\src\\Illuminate\\Container\\Util.php(41): Illuminate\\Container\\BoundMethod::{closure:Illuminate\\Container\\BoundMethod::call():35}()
#10 D:\\WindSurfProjects\\raspadinha_29do7\\vendor\\laravel\\framework\\src\\Illuminate\\Container\\BoundMethod.php(81): Illuminate\\Container\\Util::unwrapIfClosure()
#11 D:\\WindSurfProjects\\raspadinha_29do7\\vendor\\laravel\\framework\\src\\Illuminate\\Container\\BoundMethod.php(35): Illuminate\\Container\\BoundMethod::callBoundMethod()
#12 D:\\WindSurfProjects\\raspadinha_29do7\\vendor\\laravel\\framework\\src\\Illuminate\\Container\\Container.php(662): Illuminate\\Container\\BoundMethod::call()
#13 D:\\WindSurfProjects\\raspadinha_29do7\\vendor\\laravel\\framework\\src\\Illuminate\\Foundation\\Support\\Providers\\RouteServiceProvider.php(120): Illuminate\\Container\\Container->call()
#14 D:\\WindSurfProjects\\raspadinha_29do7\\vendor\\laravel\\framework\\src\\Illuminate\\Foundation\\Support\\Providers\\RouteServiceProvider.php(45): Illuminate\\Foundation\\Support\\Providers\\RouteServiceProvider->loadRoutes()
#15 D:\\WindSurfProjects\\raspadinha_29do7\\vendor\\laravel\\framework\\src\\Illuminate\\Container\\BoundMethod.php(36): Illuminate\\Foundation\\Support\\Providers\\RouteServiceProvider->{closure:Illuminate\\Foundation\\Support\\Providers\\RouteServiceProvider::register():39}()
#16 D:\\WindSurfProjects\\raspadinha_29do7\\vendor\\laravel\\framework\\src\\Illuminate\\Container\\Util.php(41): Illuminate\\Container\\BoundMethod::{closure:Illuminate\\Container\\BoundMethod::call():35}()
#17 D:\\WindSurfProjects\\raspadinha_29do7\\vendor\\laravel\\framework\\src\\Illuminate\\Container\\BoundMethod.php(81): Illuminate\\Container\\Util::unwrapIfClosure()
#18 D:\\WindSurfProjects\\raspadinha_29do7\\vendor\\laravel\\framework\\src\\Illuminate\\Container\\BoundMethod.php(35): Illuminate\\Container\\BoundMethod::callBoundMethod()
#19 D:\\WindSurfProjects\\raspadinha_29do7\\vendor\\laravel\\framework\\src\\Illuminate\\Container\\Container.php(662): Illuminate\\Container\\BoundMethod::call()
#20 D:\\WindSurfProjects\\raspadinha_29do7\\vendor\\laravel\\framework\\src\\Illuminate\\Support\\ServiceProvider.php(119): Illuminate\\Container\\Container->call()
#21 D:\\WindSurfProjects\\raspadinha_29do7\\vendor\\laravel\\framework\\src\\Illuminate\\Foundation\\Application.php(1037): Illuminate\\Support\\ServiceProvider->callBootedCallbacks()
#22 D:\\WindSurfProjects\\raspadinha_29do7\\vendor\\laravel\\framework\\src\\Illuminate\\Foundation\\Application.php(1015): Illuminate\\Foundation\\Application->bootProvider()
#23 [internal function]: Illuminate\\Foundation\\Application->{closure:Illuminate\\Foundation\\Application::boot():1014}()
#24 D:\\WindSurfProjects\\raspadinha_29do7\\vendor\\laravel\\framework\\src\\Illuminate\\Foundation\\Application.php(1014): array_walk()
#25 D:\\WindSurfProjects\\raspadinha_29do7\\vendor\\laravel\\framework\\src\\Illuminate\\Foundation\\Bootstrap\\BootProviders.php(17): Illuminate\\Foundation\\Application->boot()
#26 D:\\WindSurfProjects\\raspadinha_29do7\\vendor\\laravel\\framework\\src\\Illuminate\\Foundation\\Application.php(263): Illuminate\\Foundation\\Bootstrap\\BootProviders->bootstrap()
#27 D:\\WindSurfProjects\\raspadinha_29do7\\vendor\\laravel\\framework\\src\\Illuminate\\Foundation\\Http\\Kernel.php(186): Illuminate\\Foundation\\Application->bootstrapWith()
#28 D:\\WindSurfProjects\\raspadinha_29do7\\vendor\\laravel\\framework\\src\\Illuminate\\Foundation\\Http\\Kernel.php(170): Illuminate\\Foundation\\Http\\Kernel->bootstrap()
#29 D:\\WindSurfProjects\\raspadinha_29do7\\vendor\\laravel\\framework\\src\\Illuminate\\Foundation\\Http\\Kernel.php(144): Illuminate\\Foundation\\Http\\Kernel->sendRequestThroughRouter()
#30 D:\\WindSurfProjects\\raspadinha_29do7\\public\\index.php(51): Illuminate\\Foundation\\Http\\Kernel->handle()
#31 D:\\WindSurfProjects\\raspadinha_29do7\\vendor\\laravel\\framework\\src\\Illuminate\\Foundation\\resources\\server.php(16): require_once('...')
#32 {main}
"} 
[2025-09-09 22:14:55] local.ERROR: include_once(D:\WindSurfProjects\raspadinha_29do7\routes/groups/api/gateways/lotuspay.php): Failed to open stream: No such file or directory {"exception":"[object] (ErrorException(code: 0): include_once(D:\\WindSurfProjects\\raspadinha_29do7\\routes/groups/api/gateways/lotuspay.php): Failed to open stream: No such file or directory at D:\\WindSurfProjects\\raspadinha_29do7\\routes\\api.php:91)
[stacktrace]
#0 D:\\WindSurfProjects\\raspadinha_29do7\\vendor\\laravel\\framework\\src\\Illuminate\\Foundation\\Bootstrap\\HandleExceptions.php(255): Illuminate\\Foundation\\Bootstrap\\HandleExceptions->handleError()
#1 D:\\WindSurfProjects\\raspadinha_29do7\\routes\\api.php(91): Illuminate\\Foundation\\Bootstrap\\HandleExceptions->{closure:Illuminate\\Foundation\\Bootstrap\\HandleExceptions::forwardsTo():254}()
#2 D:\\WindSurfProjects\\raspadinha_29do7\\routes\\api.php(91): include_once('...')
#3 D:\\WindSurfProjects\\raspadinha_29do7\\vendor\\laravel\\framework\\src\\Illuminate\\Routing\\RouteFileRegistrar.php(35): require('...')
#4 D:\\WindSurfProjects\\raspadinha_29do7\\vendor\\laravel\\framework\\src\\Illuminate\\Routing\\Router.php(511): Illuminate\\Routing\\RouteFileRegistrar->register()
#5 D:\\WindSurfProjects\\raspadinha_29do7\\vendor\\laravel\\framework\\src\\Illuminate\\Routing\\Router.php(465): Illuminate\\Routing\\Router->loadRoutes()
#6 D:\\WindSurfProjects\\raspadinha_29do7\\vendor\\laravel\\framework\\src\\Illuminate\\Routing\\RouteRegistrar.php(194): Illuminate\\Routing\\Router->group()
#7 D:\\WindSurfProjects\\raspadinha_29do7\\app\\Providers\\RouteServiceProvider.php(35): Illuminate\\Routing\\RouteRegistrar->group()
#8 D:\\WindSurfProjects\\raspadinha_29do7\\vendor\\laravel\\framework\\src\\Illuminate\\Container\\BoundMethod.php(36): App\\Providers\\RouteServiceProvider->{closure:App\\Providers\\RouteServiceProvider::boot():32}()
#9 D:\\WindSurfProjects\\raspadinha_29do7\\vendor\\laravel\\framework\\src\\Illuminate\\Container\\Util.php(41): Illuminate\\Container\\BoundMethod::{closure:Illuminate\\Container\\BoundMethod::call():35}()
#10 D:\\WindSurfProjects\\raspadinha_29do7\\vendor\\laravel\\framework\\src\\Illuminate\\Container\\BoundMethod.php(81): Illuminate\\Container\\Util::unwrapIfClosure()
#11 D:\\WindSurfProjects\\raspadinha_29do7\\vendor\\laravel\\framework\\src\\Illuminate\\Container\\BoundMethod.php(35): Illuminate\\Container\\BoundMethod::callBoundMethod()
#12 D:\\WindSurfProjects\\raspadinha_29do7\\vendor\\laravel\\framework\\src\\Illuminate\\Container\\Container.php(662): Illuminate\\Container\\BoundMethod::call()
#13 D:\\WindSurfProjects\\raspadinha_29do7\\vendor\\laravel\\framework\\src\\Illuminate\\Foundation\\Support\\Providers\\RouteServiceProvider.php(120): Illuminate\\Container\\Container->call()
#14 D:\\WindSurfProjects\\raspadinha_29do7\\vendor\\laravel\\framework\\src\\Illuminate\\Foundation\\Support\\Providers\\RouteServiceProvider.php(45): Illuminate\\Foundation\\Support\\Providers\\RouteServiceProvider->loadRoutes()
#15 D:\\WindSurfProjects\\raspadinha_29do7\\vendor\\laravel\\framework\\src\\Illuminate\\Container\\BoundMethod.php(36): Illuminate\\Foundation\\Support\\Providers\\RouteServiceProvider->{closure:Illuminate\\Foundation\\Support\\Providers\\RouteServiceProvider::register():39}()
#16 D:\\WindSurfProjects\\raspadinha_29do7\\vendor\\laravel\\framework\\src\\Illuminate\\Container\\Util.php(41): Illuminate\\Container\\BoundMethod::{closure:Illuminate\\Container\\BoundMethod::call():35}()
#17 D:\\WindSurfProjects\\raspadinha_29do7\\vendor\\laravel\\framework\\src\\Illuminate\\Container\\BoundMethod.php(81): Illuminate\\Container\\Util::unwrapIfClosure()
#18 D:\\WindSurfProjects\\raspadinha_29do7\\vendor\\laravel\\framework\\src\\Illuminate\\Container\\BoundMethod.php(35): Illuminate\\Container\\BoundMethod::callBoundMethod()
#19 D:\\WindSurfProjects\\raspadinha_29do7\\vendor\\laravel\\framework\\src\\Illuminate\\Container\\Container.php(662): Illuminate\\Container\\BoundMethod::call()
#20 D:\\WindSurfProjects\\raspadinha_29do7\\vendor\\laravel\\framework\\src\\Illuminate\\Support\\ServiceProvider.php(119): Illuminate\\Container\\Container->call()
#21 D:\\WindSurfProjects\\raspadinha_29do7\\vendor\\laravel\\framework\\src\\Illuminate\\Foundation\\Application.php(1037): Illuminate\\Support\\ServiceProvider->callBootedCallbacks()
#22 D:\\WindSurfProjects\\raspadinha_29do7\\vendor\\laravel\\framework\\src\\Illuminate\\Foundation\\Application.php(1015): Illuminate\\Foundation\\Application->bootProvider()
#23 [internal function]: Illuminate\\Foundation\\Application->{closure:Illuminate\\Foundation\\Application::boot():1014}()
#24 D:\\WindSurfProjects\\raspadinha_29do7\\vendor\\laravel\\framework\\src\\Illuminate\\Foundation\\Application.php(1014): array_walk()
#25 D:\\WindSurfProjects\\raspadinha_29do7\\vendor\\laravel\\framework\\src\\Illuminate\\Foundation\\Bootstrap\\BootProviders.php(17): Illuminate\\Foundation\\Application->boot()
#26 D:\\WindSurfProjects\\raspadinha_29do7\\vendor\\laravel\\framework\\src\\Illuminate\\Foundation\\Application.php(263): Illuminate\\Foundation\\Bootstrap\\BootProviders->bootstrap()
#27 D:\\WindSurfProjects\\raspadinha_29do7\\vendor\\laravel\\framework\\src\\Illuminate\\Foundation\\Http\\Kernel.php(186): Illuminate\\Foundation\\Application->bootstrapWith()
#28 D:\\WindSurfProjects\\raspadinha_29do7\\vendor\\laravel\\framework\\src\\Illuminate\\Foundation\\Http\\Kernel.php(170): Illuminate\\Foundation\\Http\\Kernel->bootstrap()
#29 D:\\WindSurfProjects\\raspadinha_29do7\\vendor\\laravel\\framework\\src\\Illuminate\\Foundation\\Http\\Kernel.php(144): Illuminate\\Foundation\\Http\\Kernel->sendRequestThroughRouter()
#30 D:\\WindSurfProjects\\raspadinha_29do7\\public\\index.php(51): Illuminate\\Foundation\\Http\\Kernel->handle()
#31 D:\\WindSurfProjects\\raspadinha_29do7\\vendor\\laravel\\framework\\src\\Illuminate\\Foundation\\resources\\server.php(16): require_once('...')
#32 {main}
"} 
[2025-09-09 22:15:19] local.ERROR: include_once(D:\WindSurfProjects\raspadinha_29do7\routes/groups/api/gateways/lotuspay.php): Failed to open stream: No such file or directory {"exception":"[object] (ErrorException(code: 0): include_once(D:\\WindSurfProjects\\raspadinha_29do7\\routes/groups/api/gateways/lotuspay.php): Failed to open stream: No such file or directory at D:\\WindSurfProjects\\raspadinha_29do7\\routes\\api.php:91)
[stacktrace]
#0 D:\\WindSurfProjects\\raspadinha_29do7\\vendor\\laravel\\framework\\src\\Illuminate\\Foundation\\Bootstrap\\HandleExceptions.php(255): Illuminate\\Foundation\\Bootstrap\\HandleExceptions->handleError()
#1 D:\\WindSurfProjects\\raspadinha_29do7\\routes\\api.php(91): Illuminate\\Foundation\\Bootstrap\\HandleExceptions->{closure:Illuminate\\Foundation\\Bootstrap\\HandleExceptions::forwardsTo():254}()
#2 D:\\WindSurfProjects\\raspadinha_29do7\\routes\\api.php(91): include_once('...')
#3 D:\\WindSurfProjects\\raspadinha_29do7\\vendor\\laravel\\framework\\src\\Illuminate\\Routing\\RouteFileRegistrar.php(35): require('...')
#4 D:\\WindSurfProjects\\raspadinha_29do7\\vendor\\laravel\\framework\\src\\Illuminate\\Routing\\Router.php(511): Illuminate\\Routing\\RouteFileRegistrar->register()
#5 D:\\WindSurfProjects\\raspadinha_29do7\\vendor\\laravel\\framework\\src\\Illuminate\\Routing\\Router.php(465): Illuminate\\Routing\\Router->loadRoutes()
#6 D:\\WindSurfProjects\\raspadinha_29do7\\vendor\\laravel\\framework\\src\\Illuminate\\Routing\\RouteRegistrar.php(194): Illuminate\\Routing\\Router->group()
#7 D:\\WindSurfProjects\\raspadinha_29do7\\app\\Providers\\RouteServiceProvider.php(35): Illuminate\\Routing\\RouteRegistrar->group()
#8 D:\\WindSurfProjects\\raspadinha_29do7\\vendor\\laravel\\framework\\src\\Illuminate\\Container\\BoundMethod.php(36): App\\Providers\\RouteServiceProvider->{closure:App\\Providers\\RouteServiceProvider::boot():32}()
#9 D:\\WindSurfProjects\\raspadinha_29do7\\vendor\\laravel\\framework\\src\\Illuminate\\Container\\Util.php(41): Illuminate\\Container\\BoundMethod::{closure:Illuminate\\Container\\BoundMethod::call():35}()
#10 D:\\WindSurfProjects\\raspadinha_29do7\\vendor\\laravel\\framework\\src\\Illuminate\\Container\\BoundMethod.php(81): Illuminate\\Container\\Util::unwrapIfClosure()
#11 D:\\WindSurfProjects\\raspadinha_29do7\\vendor\\laravel\\framework\\src\\Illuminate\\Container\\BoundMethod.php(35): Illuminate\\Container\\BoundMethod::callBoundMethod()
#12 D:\\WindSurfProjects\\raspadinha_29do7\\vendor\\laravel\\framework\\src\\Illuminate\\Container\\Container.php(662): Illuminate\\Container\\BoundMethod::call()
#13 D:\\WindSurfProjects\\raspadinha_29do7\\vendor\\laravel\\framework\\src\\Illuminate\\Foundation\\Support\\Providers\\RouteServiceProvider.php(120): Illuminate\\Container\\Container->call()
#14 D:\\WindSurfProjects\\raspadinha_29do7\\vendor\\laravel\\framework\\src\\Illuminate\\Foundation\\Support\\Providers\\RouteServiceProvider.php(45): Illuminate\\Foundation\\Support\\Providers\\RouteServiceProvider->loadRoutes()
#15 D:\\WindSurfProjects\\raspadinha_29do7\\vendor\\laravel\\framework\\src\\Illuminate\\Container\\BoundMethod.php(36): Illuminate\\Foundation\\Support\\Providers\\RouteServiceProvider->{closure:Illuminate\\Foundation\\Support\\Providers\\RouteServiceProvider::register():39}()
#16 D:\\WindSurfProjects\\raspadinha_29do7\\vendor\\laravel\\framework\\src\\Illuminate\\Container\\Util.php(41): Illuminate\\Container\\BoundMethod::{closure:Illuminate\\Container\\BoundMethod::call():35}()
#17 D:\\WindSurfProjects\\raspadinha_29do7\\vendor\\laravel\\framework\\src\\Illuminate\\Container\\BoundMethod.php(81): Illuminate\\Container\\Util::unwrapIfClosure()
#18 D:\\WindSurfProjects\\raspadinha_29do7\\vendor\\laravel\\framework\\src\\Illuminate\\Container\\BoundMethod.php(35): Illuminate\\Container\\BoundMethod::callBoundMethod()
#19 D:\\WindSurfProjects\\raspadinha_29do7\\vendor\\laravel\\framework\\src\\Illuminate\\Container\\Container.php(662): Illuminate\\Container\\BoundMethod::call()
#20 D:\\WindSurfProjects\\raspadinha_29do7\\vendor\\laravel\\framework\\src\\Illuminate\\Support\\ServiceProvider.php(119): Illuminate\\Container\\Container->call()
#21 D:\\WindSurfProjects\\raspadinha_29do7\\vendor\\laravel\\framework\\src\\Illuminate\\Foundation\\Application.php(1037): Illuminate\\Support\\ServiceProvider->callBootedCallbacks()
#22 D:\\WindSurfProjects\\raspadinha_29do7\\vendor\\laravel\\framework\\src\\Illuminate\\Foundation\\Application.php(1015): Illuminate\\Foundation\\Application->bootProvider()
#23 [internal function]: Illuminate\\Foundation\\Application->{closure:Illuminate\\Foundation\\Application::boot():1014}()
#24 D:\\WindSurfProjects\\raspadinha_29do7\\vendor\\laravel\\framework\\src\\Illuminate\\Foundation\\Application.php(1014): array_walk()
#25 D:\\WindSurfProjects\\raspadinha_29do7\\vendor\\laravel\\framework\\src\\Illuminate\\Foundation\\Bootstrap\\BootProviders.php(17): Illuminate\\Foundation\\Application->boot()
#26 D:\\WindSurfProjects\\raspadinha_29do7\\vendor\\laravel\\framework\\src\\Illuminate\\Foundation\\Application.php(263): Illuminate\\Foundation\\Bootstrap\\BootProviders->bootstrap()
#27 D:\\WindSurfProjects\\raspadinha_29do7\\vendor\\laravel\\framework\\src\\Illuminate\\Foundation\\Http\\Kernel.php(186): Illuminate\\Foundation\\Application->bootstrapWith()
#28 D:\\WindSurfProjects\\raspadinha_29do7\\vendor\\laravel\\framework\\src\\Illuminate\\Foundation\\Http\\Kernel.php(170): Illuminate\\Foundation\\Http\\Kernel->bootstrap()
#29 D:\\WindSurfProjects\\raspadinha_29do7\\vendor\\laravel\\framework\\src\\Illuminate\\Foundation\\Http\\Kernel.php(144): Illuminate\\Foundation\\Http\\Kernel->sendRequestThroughRouter()
#30 D:\\WindSurfProjects\\raspadinha_29do7\\public\\index.php(51): Illuminate\\Foundation\\Http\\Kernel->handle()
#31 D:\\WindSurfProjects\\raspadinha_29do7\\vendor\\laravel\\framework\\src\\Illuminate\\Foundation\\resources\\server.php(16): require_once('...')
#32 {main}
"} 
[2025-09-09 22:15:50] local.INFO: Request: {"url":"http://localhost:8000","method":"GET","parameters":[]} 
[2025-09-09 22:15:50] local.ERROR: SQLSTATE[42S22]: Column not found: 1054 Unknown column 'lotuspay_is_enable' in 'SELECT' (Connection: mysql, SQL: select `software_name`, `software_description`, `software_logo_white`, `software_logo_black`, `software_logo_black2`, `currency_code`, `decimal_format`, `currency_position`, `prefix`, `storage`, `min_deposit`, `max_deposit`, `min_withdrawal`, `max_withdrawal`, `initial_bonus`, `suitpay_is_enable`, `stripe_is_enable`, `sharkpay_is_enable`, `ondapay_is_enable`, `lotuspay_is_enable`, `disable_spin`, `disable_rollover` from `settings` limit 1) {"view":{"view":"D:\\WindSurfProjects\\raspadinha_29do7\\resources\\views\\layouts\\app.blade.php","data":[]},"exception":"[object] (Spatie\\LaravelIgnition\\Exceptions\\ViewException(code: 0): SQLSTATE[42S22]: Column not found: 1054 Unknown column 'lotuspay_is_enable' in 'SELECT' (Connection: mysql, SQL: select `software_name`, `software_description`, `software_logo_white`, `software_logo_black`, `software_logo_black2`, `currency_code`, `decimal_format`, `currency_position`, `prefix`, `storage`, `min_deposit`, `max_deposit`, `min_withdrawal`, `max_withdrawal`, `initial_bonus`, `suitpay_is_enable`, `stripe_is_enable`, `sharkpay_is_enable`, `ondapay_is_enable`, `lotuspay_is_enable`, `disable_spin`, `disable_rollover` from `settings` limit 1) at D:\\WindSurfProjects\\raspadinha_29do7\\vendor\\laravel\\framework\\src\\Illuminate\\Database\\Connection.php:829)
[stacktrace]
#0 D:\\WindSurfProjects\\raspadinha_29do7\\vendor\\laravel\\framework\\src\\Illuminate\\Database\\Connection.php(783): Illuminate\\Database\\Connection->runQueryCallback()
#1 D:\\WindSurfProjects\\raspadinha_29do7\\vendor\\laravel\\framework\\src\\Illuminate\\Database\\Connection.php(414): Illuminate\\Database\\Connection->run()
#2 D:\\WindSurfProjects\\raspadinha_29do7\\vendor\\laravel\\framework\\src\\Illuminate\\Database\\Query\\Builder.php(2871): Illuminate\\Database\\Connection->select()
#3 D:\\WindSurfProjects\\raspadinha_29do7\\vendor\\laravel\\framework\\src\\Illuminate\\Database\\Query\\Builder.php(2860): Illuminate\\Database\\Query\\Builder->runSelect()
#4 D:\\WindSurfProjects\\raspadinha_29do7\\vendor\\laravel\\framework\\src\\Illuminate\\Database\\Query\\Builder.php(3414): Illuminate\\Database\\Query\\Builder->{closure:Illuminate\\Database\\Query\\Builder::get():2859}()
#5 D:\\WindSurfProjects\\raspadinha_29do7\\vendor\\laravel\\framework\\src\\Illuminate\\Database\\Query\\Builder.php(2859): Illuminate\\Database\\Query\\Builder->onceWithColumns()
#6 D:\\WindSurfProjects\\raspadinha_29do7\\vendor\\laravel\\framework\\src\\Illuminate\\Database\\Eloquent\\Builder.php(739): Illuminate\\Database\\Query\\Builder->get()
#7 D:\\WindSurfProjects\\raspadinha_29do7\\vendor\\laravel\\framework\\src\\Illuminate\\Database\\Eloquent\\Builder.php(723): Illuminate\\Database\\Eloquent\\Builder->getModels()
#8 D:\\WindSurfProjects\\raspadinha_29do7\\vendor\\laravel\\framework\\src\\Illuminate\\Database\\Concerns\\BuildsQueries.php(333): Illuminate\\Database\\Eloquent\\Builder->get()
#9 D:\\WindSurfProjects\\raspadinha_29do7\\app\\Helpers\\Core.php(1091): Illuminate\\Database\\Eloquent\\Builder->first()
#10 D:\\WindSurfProjects\\raspadinha_29do7\\resources\\views\\layouts\\app.blade.php(37): App\\Helpers\\Core::getSetting()
#11 D:\\WindSurfProjects\\raspadinha_29do7\\vendor\\laravel\\framework\\src\\Illuminate\\Filesystem\\Filesystem.php(123): require('...')
#12 D:\\WindSurfProjects\\raspadinha_29do7\\vendor\\laravel\\framework\\src\\Illuminate\\Filesystem\\Filesystem.php(124): Illuminate\\Filesystem\\Filesystem::{closure:Illuminate\\Filesystem\\Filesystem::getRequire():120}()
#13 D:\\WindSurfProjects\\raspadinha_29do7\\vendor\\laravel\\framework\\src\\Illuminate\\View\\Engines\\PhpEngine.php(58): Illuminate\\Filesystem\\Filesystem->getRequire()
#14 D:\\WindSurfProjects\\raspadinha_29do7\\vendor\\livewire\\livewire\\src\\Mechanisms\\ExtendBlade\\ExtendedCompilerEngine.php(22): Illuminate\\View\\Engines\\PhpEngine->evaluatePath()
#15 D:\\WindSurfProjects\\raspadinha_29do7\\vendor\\laravel\\framework\\src\\Illuminate\\View\\Engines\\CompilerEngine.php(72): Livewire\\Mechanisms\\ExtendBlade\\ExtendedCompilerEngine->evaluatePath()
#16 D:\\WindSurfProjects\\raspadinha_29do7\\vendor\\livewire\\livewire\\src\\Mechanisms\\ExtendBlade\\ExtendedCompilerEngine.php(10): Illuminate\\View\\Engines\\CompilerEngine->get()
#17 D:\\WindSurfProjects\\raspadinha_29do7\\vendor\\laravel\\framework\\src\\Illuminate\\View\\View.php(207): Livewire\\Mechanisms\\ExtendBlade\\ExtendedCompilerEngine->get()
#18 D:\\WindSurfProjects\\raspadinha_29do7\\vendor\\laravel\\framework\\src\\Illuminate\\View\\View.php(190): Illuminate\\View\\View->getContents()
#19 D:\\WindSurfProjects\\raspadinha_29do7\\vendor\\laravel\\framework\\src\\Illuminate\\View\\View.php(159): Illuminate\\View\\View->renderContents()
#20 D:\\WindSurfProjects\\raspadinha_29do7\\vendor\\laravel\\framework\\src\\Illuminate\\Http\\Response.php(69): Illuminate\\View\\View->render()
#21 D:\\WindSurfProjects\\raspadinha_29do7\\vendor\\laravel\\framework\\src\\Illuminate\\Http\\Response.php(35): Illuminate\\Http\\Response->setContent()
#22 D:\\WindSurfProjects\\raspadinha_29do7\\vendor\\laravel\\framework\\src\\Illuminate\\Routing\\Router.php(918): Illuminate\\Http\\Response->__construct()
#23 D:\\WindSurfProjects\\raspadinha_29do7\\vendor\\laravel\\framework\\src\\Illuminate\\Routing\\Router.php(885): Illuminate\\Routing\\Router::toResponse()
#24 D:\\WindSurfProjects\\raspadinha_29do7\\vendor\\laravel\\framework\\src\\Illuminate\\Routing\\Router.php(805): Illuminate\\Routing\\Router->prepareResponse()
#25 D:\\WindSurfProjects\\raspadinha_29do7\\vendor\\laravel\\framework\\src\\Illuminate\\Pipeline\\Pipeline.php(144): Illuminate\\Routing\\Router->{closure:Illuminate\\Routing\\Router::runRouteWithinStack():805}()
#26 D:\\WindSurfProjects\\raspadinha_29do7\\vendor\\laravel\\framework\\src\\Illuminate\\Routing\\Middleware\\SubstituteBindings.php(50): Illuminate\\Pipeline\\Pipeline->{closure:Illuminate\\Pipeline\\Pipeline::prepareDestination():142}()
#27 D:\\WindSurfProjects\\raspadinha_29do7\\vendor\\laravel\\framework\\src\\Illuminate\\Pipeline\\Pipeline.php(183): Illuminate\\Routing\\Middleware\\SubstituteBindings->handle()
#28 D:\\WindSurfProjects\\raspadinha_29do7\\vendor\\laravel\\framework\\src\\Illuminate\\Foundation\\Http\\Middleware\\VerifyCsrfToken.php(78): Illuminate\\Pipeline\\Pipeline->{closure:{closure:Illuminate\\Pipeline\\Pipeline::carry():158}:159}()
#29 D:\\WindSurfProjects\\raspadinha_29do7\\vendor\\laravel\\framework\\src\\Illuminate\\Pipeline\\Pipeline.php(183): Illuminate\\Foundation\\Http\\Middleware\\VerifyCsrfToken->handle()
#30 D:\\WindSurfProjects\\raspadinha_29do7\\vendor\\laravel\\framework\\src\\Illuminate\\View\\Middleware\\ShareErrorsFromSession.php(49): Illuminate\\Pipeline\\Pipeline->{closure:{closure:Illuminate\\Pipeline\\Pipeline::carry():158}:159}()
#31 D:\\WindSurfProjects\\raspadinha_29do7\\vendor\\laravel\\framework\\src\\Illuminate\\Pipeline\\Pipeline.php(183): Illuminate\\View\\Middleware\\ShareErrorsFromSession->handle()
#32 D:\\WindSurfProjects\\raspadinha_29do7\\vendor\\laravel\\framework\\src\\Illuminate\\Session\\Middleware\\StartSession.php(121): Illuminate\\Pipeline\\Pipeline->{closure:{closure:Illuminate\\Pipeline\\Pipeline::carry():158}:159}()
#33 D:\\WindSurfProjects\\raspadinha_29do7\\vendor\\laravel\\framework\\src\\Illuminate\\Session\\Middleware\\StartSession.php(64): Illuminate\\Session\\Middleware\\StartSession->handleStatefulRequest()
#34 D:\\WindSurfProjects\\raspadinha_29do7\\vendor\\laravel\\framework\\src\\Illuminate\\Pipeline\\Pipeline.php(183): Illuminate\\Session\\Middleware\\StartSession->handle()
#35 D:\\WindSurfProjects\\raspadinha_29do7\\vendor\\laravel\\framework\\src\\Illuminate\\Cookie\\Middleware\\AddQueuedCookiesToResponse.php(37): Illuminate\\Pipeline\\Pipeline->{closure:{closure:Illuminate\\Pipeline\\Pipeline::carry():158}:159}()
#36 D:\\WindSurfProjects\\raspadinha_29do7\\vendor\\laravel\\framework\\src\\Illuminate\\Pipeline\\Pipeline.php(183): Illuminate\\Cookie\\Middleware\\AddQueuedCookiesToResponse->handle()
#37 D:\\WindSurfProjects\\raspadinha_29do7\\vendor\\laravel\\framework\\src\\Illuminate\\Cookie\\Middleware\\EncryptCookies.php(67): Illuminate\\Pipeline\\Pipeline->{closure:{closure:Illuminate\\Pipeline\\Pipeline::carry():158}:159}()
#38 D:\\WindSurfProjects\\raspadinha_29do7\\vendor\\laravel\\framework\\src\\Illuminate\\Pipeline\\Pipeline.php(183): Illuminate\\Cookie\\Middleware\\EncryptCookies->handle()
#39 D:\\WindSurfProjects\\raspadinha_29do7\\vendor\\laravel\\framework\\src\\Illuminate\\Pipeline\\Pipeline.php(119): Illuminate\\Pipeline\\Pipeline->{closure:{closure:Illuminate\\Pipeline\\Pipeline::carry():158}:159}()
#40 D:\\WindSurfProjects\\raspadinha_29do7\\vendor\\laravel\\framework\\src\\Illuminate\\Routing\\Router.php(805): Illuminate\\Pipeline\\Pipeline->then()
#41 D:\\WindSurfProjects\\raspadinha_29do7\\vendor\\laravel\\framework\\src\\Illuminate\\Routing\\Router.php(784): Illuminate\\Routing\\Router->runRouteWithinStack()
#42 D:\\WindSurfProjects\\raspadinha_29do7\\vendor\\laravel\\framework\\src\\Illuminate\\Routing\\Router.php(748): Illuminate\\Routing\\Router->runRoute()
#43 D:\\WindSurfProjects\\raspadinha_29do7\\vendor\\laravel\\framework\\src\\Illuminate\\Routing\\Router.php(737): Illuminate\\Routing\\Router->dispatchToRoute()
#44 D:\\WindSurfProjects\\raspadinha_29do7\\vendor\\laravel\\framework\\src\\Illuminate\\Foundation\\Http\\Kernel.php(200): Illuminate\\Routing\\Router->dispatch()
#45 D:\\WindSurfProjects\\raspadinha_29do7\\vendor\\laravel\\framework\\src\\Illuminate\\Pipeline\\Pipeline.php(144): Illuminate\\Foundation\\Http\\Kernel->{closure:Illuminate\\Foundation\\Http\\Kernel::dispatchToRouter():197}()
#46 D:\\WindSurfProjects\\raspadinha_29do7\\vendor\\livewire\\livewire\\src\\Features\\SupportDisablingBackButtonCache\\DisableBackButtonCacheMiddleware.php(19): Illuminate\\Pipeline\\Pipeline->{closure:Illuminate\\Pipeline\\Pipeline::prepareDestination():142}()
#47 D:\\WindSurfProjects\\raspadinha_29do7\\vendor\\laravel\\framework\\src\\Illuminate\\Pipeline\\Pipeline.php(183): Livewire\\Features\\SupportDisablingBackButtonCache\\DisableBackButtonCacheMiddleware->handle()
#48 D:\\WindSurfProjects\\raspadinha_29do7\\app\\Http\\Middleware\\LogRequests.php(18): Illuminate\\Pipeline\\Pipeline->{closure:{closure:Illuminate\\Pipeline\\Pipeline::carry():158}:159}()
#49 D:\\WindSurfProjects\\raspadinha_29do7\\vendor\\laravel\\framework\\src\\Illuminate\\Pipeline\\Pipeline.php(183): App\\Http\\Middleware\\LogRequests->handle()
#50 D:\\WindSurfProjects\\raspadinha_29do7\\app\\Http\\Middleware\\SetDefaultLanguage.php(22): Illuminate\\Pipeline\\Pipeline->{closure:{closure:Illuminate\\Pipeline\\Pipeline::carry():158}:159}()
#51 D:\\WindSurfProjects\\raspadinha_29do7\\vendor\\laravel\\framework\\src\\Illuminate\\Pipeline\\Pipeline.php(183): App\\Http\\Middleware\\SetDefaultLanguage->handle()
#52 D:\\WindSurfProjects\\raspadinha_29do7\\vendor\\laravel\\framework\\src\\Illuminate\\Foundation\\Http\\Middleware\\TransformsRequest.php(21): Illuminate\\Pipeline\\Pipeline->{closure:{closure:Illuminate\\Pipeline\\Pipeline::carry():158}:159}()
#53 D:\\WindSurfProjects\\raspadinha_29do7\\vendor\\laravel\\framework\\src\\Illuminate\\Foundation\\Http\\Middleware\\ConvertEmptyStringsToNull.php(31): Illuminate\\Foundation\\Http\\Middleware\\TransformsRequest->handle()
#54 D:\\WindSurfProjects\\raspadinha_29do7\\vendor\\laravel\\framework\\src\\Illuminate\\Pipeline\\Pipeline.php(183): Illuminate\\Foundation\\Http\\Middleware\\ConvertEmptyStringsToNull->handle()
#55 D:\\WindSurfProjects\\raspadinha_29do7\\vendor\\laravel\\framework\\src\\Illuminate\\Foundation\\Http\\Middleware\\TransformsRequest.php(21): Illuminate\\Pipeline\\Pipeline->{closure:{closure:Illuminate\\Pipeline\\Pipeline::carry():158}:159}()
#56 D:\\WindSurfProjects\\raspadinha_29do7\\vendor\\laravel\\framework\\src\\Illuminate\\Foundation\\Http\\Middleware\\TrimStrings.php(40): Illuminate\\Foundation\\Http\\Middleware\\TransformsRequest->handle()
#57 D:\\WindSurfProjects\\raspadinha_29do7\\vendor\\laravel\\framework\\src\\Illuminate\\Pipeline\\Pipeline.php(183): Illuminate\\Foundation\\Http\\Middleware\\TrimStrings->handle()
#58 D:\\WindSurfProjects\\raspadinha_29do7\\vendor\\laravel\\framework\\src\\Illuminate\\Foundation\\Http\\Middleware\\ValidatePostSize.php(27): Illuminate\\Pipeline\\Pipeline->{closure:{closure:Illuminate\\Pipeline\\Pipeline::carry():158}:159}()
#59 D:\\WindSurfProjects\\raspadinha_29do7\\vendor\\laravel\\framework\\src\\Illuminate\\Pipeline\\Pipeline.php(183): Illuminate\\Foundation\\Http\\Middleware\\ValidatePostSize->handle()
#60 D:\\WindSurfProjects\\raspadinha_29do7\\vendor\\laravel\\framework\\src\\Illuminate\\Foundation\\Http\\Middleware\\PreventRequestsDuringMaintenance.php(99): Illuminate\\Pipeline\\Pipeline->{closure:{closure:Illuminate\\Pipeline\\Pipeline::carry():158}:159}()
#61 D:\\WindSurfProjects\\raspadinha_29do7\\vendor\\laravel\\framework\\src\\Illuminate\\Pipeline\\Pipeline.php(183): Illuminate\\Foundation\\Http\\Middleware\\PreventRequestsDuringMaintenance->handle()
#62 D:\\WindSurfProjects\\raspadinha_29do7\\vendor\\laravel\\framework\\src\\Illuminate\\Http\\Middleware\\HandleCors.php(62): Illuminate\\Pipeline\\Pipeline->{closure:{closure:Illuminate\\Pipeline\\Pipeline::carry():158}:159}()
#63 D:\\WindSurfProjects\\raspadinha_29do7\\vendor\\laravel\\framework\\src\\Illuminate\\Pipeline\\Pipeline.php(183): Illuminate\\Http\\Middleware\\HandleCors->handle()
#64 D:\\WindSurfProjects\\raspadinha_29do7\\vendor\\laravel\\framework\\src\\Illuminate\\Http\\Middleware\\TrustProxies.php(39): Illuminate\\Pipeline\\Pipeline->{closure:{closure:Illuminate\\Pipeline\\Pipeline::carry():158}:159}()
#65 D:\\WindSurfProjects\\raspadinha_29do7\\vendor\\laravel\\framework\\src\\Illuminate\\Pipeline\\Pipeline.php(183): Illuminate\\Http\\Middleware\\TrustProxies->handle()
#66 D:\\WindSurfProjects\\raspadinha_29do7\\vendor\\laravel\\framework\\src\\Illuminate\\Pipeline\\Pipeline.php(119): Illuminate\\Pipeline\\Pipeline->{closure:{closure:Illuminate\\Pipeline\\Pipeline::carry():158}:159}()
#67 D:\\WindSurfProjects\\raspadinha_29do7\\vendor\\laravel\\framework\\src\\Illuminate\\Foundation\\Http\\Kernel.php(175): Illuminate\\Pipeline\\Pipeline->then()
#68 D:\\WindSurfProjects\\raspadinha_29do7\\vendor\\laravel\\framework\\src\\Illuminate\\Foundation\\Http\\Kernel.php(144): Illuminate\\Foundation\\Http\\Kernel->sendRequestThroughRouter()
#69 D:\\WindSurfProjects\\raspadinha_29do7\\public\\index.php(51): Illuminate\\Foundation\\Http\\Kernel->handle()
#70 D:\\WindSurfProjects\\raspadinha_29do7\\vendor\\laravel\\framework\\src\\Illuminate\\Foundation\\resources\\server.php(16): require_once('...')
#71 {main}

[previous exception] [object] (Illuminate\\Database\\QueryException(code: 42S22): SQLSTATE[42S22]: Column not found: 1054 Unknown column 'lotuspay_is_enable' in 'SELECT' (Connection: mysql, SQL: select `software_name`, `software_description`, `software_logo_white`, `software_logo_black`, `software_logo_black2`, `currency_code`, `decimal_format`, `currency_position`, `prefix`, `storage`, `min_deposit`, `max_deposit`, `min_withdrawal`, `max_withdrawal`, `initial_bonus`, `suitpay_is_enable`, `stripe_is_enable`, `sharkpay_is_enable`, `ondapay_is_enable`, `lotuspay_is_enable`, `disable_spin`, `disable_rollover` from `settings` limit 1) at D:\\WindSurfProjects\\raspadinha_29do7\\vendor\\laravel\\framework\\src\\Illuminate\\Database\\Connection.php:829)
[stacktrace]
#0 D:\\WindSurfProjects\\raspadinha_29do7\\vendor\\laravel\\framework\\src\\Illuminate\\Database\\Connection.php(783): Illuminate\\Database\\Connection->runQueryCallback()
#1 D:\\WindSurfProjects\\raspadinha_29do7\\vendor\\laravel\\framework\\src\\Illuminate\\Database\\Connection.php(414): Illuminate\\Database\\Connection->run()
#2 D:\\WindSurfProjects\\raspadinha_29do7\\vendor\\laravel\\framework\\src\\Illuminate\\Database\\Query\\Builder.php(2871): Illuminate\\Database\\Connection->select()
#3 D:\\WindSurfProjects\\raspadinha_29do7\\vendor\\laravel\\framework\\src\\Illuminate\\Database\\Query\\Builder.php(2860): Illuminate\\Database\\Query\\Builder->runSelect()
#4 D:\\WindSurfProjects\\raspadinha_29do7\\vendor\\laravel\\framework\\src\\Illuminate\\Database\\Query\\Builder.php(3414): Illuminate\\Database\\Query\\Builder->{closure:Illuminate\\Database\\Query\\Builder::get():2859}()
#5 D:\\WindSurfProjects\\raspadinha_29do7\\vendor\\laravel\\framework\\src\\Illuminate\\Database\\Query\\Builder.php(2859): Illuminate\\Database\\Query\\Builder->onceWithColumns()
#6 D:\\WindSurfProjects\\raspadinha_29do7\\vendor\\laravel\\framework\\src\\Illuminate\\Database\\Eloquent\\Builder.php(739): Illuminate\\Database\\Query\\Builder->get()
#7 D:\\WindSurfProjects\\raspadinha_29do7\\vendor\\laravel\\framework\\src\\Illuminate\\Database\\Eloquent\\Builder.php(723): Illuminate\\Database\\Eloquent\\Builder->getModels()
#8 D:\\WindSurfProjects\\raspadinha_29do7\\vendor\\laravel\\framework\\src\\Illuminate\\Database\\Concerns\\BuildsQueries.php(333): Illuminate\\Database\\Eloquent\\Builder->get()
#9 D:\\WindSurfProjects\\raspadinha_29do7\\app\\Helpers\\Core.php(1091): Illuminate\\Database\\Eloquent\\Builder->first()
#10 D:\\WindSurfProjects\\raspadinha_29do7\\storage\\framework\\views\\46319660a681dfd0d33e3121dfb85505.php(37): App\\Helpers\\Core::getSetting()
#11 D:\\WindSurfProjects\\raspadinha_29do7\\vendor\\laravel\\framework\\src\\Illuminate\\Filesystem\\Filesystem.php(123): require('...')
#12 D:\\WindSurfProjects\\raspadinha_29do7\\vendor\\laravel\\framework\\src\\Illuminate\\Filesystem\\Filesystem.php(124): Illuminate\\Filesystem\\Filesystem::{closure:Illuminate\\Filesystem\\Filesystem::getRequire():120}()
#13 D:\\WindSurfProjects\\raspadinha_29do7\\vendor\\laravel\\framework\\src\\Illuminate\\View\\Engines\\PhpEngine.php(58): Illuminate\\Filesystem\\Filesystem->getRequire()
#14 D:\\WindSurfProjects\\raspadinha_29do7\\vendor\\livewire\\livewire\\src\\Mechanisms\\ExtendBlade\\ExtendedCompilerEngine.php(22): Illuminate\\View\\Engines\\PhpEngine->evaluatePath()
#15 D:\\WindSurfProjects\\raspadinha_29do7\\vendor\\laravel\\framework\\src\\Illuminate\\View\\Engines\\CompilerEngine.php(72): Livewire\\Mechanisms\\ExtendBlade\\ExtendedCompilerEngine->evaluatePath()
#16 D:\\WindSurfProjects\\raspadinha_29do7\\vendor\\livewire\\livewire\\src\\Mechanisms\\ExtendBlade\\ExtendedCompilerEngine.php(10): Illuminate\\View\\Engines\\CompilerEngine->get()
#17 D:\\WindSurfProjects\\raspadinha_29do7\\vendor\\laravel\\framework\\src\\Illuminate\\View\\View.php(207): Livewire\\Mechanisms\\ExtendBlade\\ExtendedCompilerEngine->get()
#18 D:\\WindSurfProjects\\raspadinha_29do7\\vendor\\laravel\\framework\\src\\Illuminate\\View\\View.php(190): Illuminate\\View\\View->getContents()
#19 D:\\WindSurfProjects\\raspadinha_29do7\\vendor\\laravel\\framework\\src\\Illuminate\\View\\View.php(159): Illuminate\\View\\View->renderContents()
#20 D:\\WindSurfProjects\\raspadinha_29do7\\vendor\\laravel\\framework\\src\\Illuminate\\Http\\Response.php(69): Illuminate\\View\\View->render()
#21 D:\\WindSurfProjects\\raspadinha_29do7\\vendor\\laravel\\framework\\src\\Illuminate\\Http\\Response.php(35): Illuminate\\Http\\Response->setContent()
#22 D:\\WindSurfProjects\\raspadinha_29do7\\vendor\\laravel\\framework\\src\\Illuminate\\Routing\\Router.php(918): Illuminate\\Http\\Response->__construct()
#23 D:\\WindSurfProjects\\raspadinha_29do7\\vendor\\laravel\\framework\\src\\Illuminate\\Routing\\Router.php(885): Illuminate\\Routing\\Router::toResponse()
#24 D:\\WindSurfProjects\\raspadinha_29do7\\vendor\\laravel\\framework\\src\\Illuminate\\Routing\\Router.php(805): Illuminate\\Routing\\Router->prepareResponse()
#25 D:\\WindSurfProjects\\raspadinha_29do7\\vendor\\laravel\\framework\\src\\Illuminate\\Pipeline\\Pipeline.php(144): Illuminate\\Routing\\Router->{closure:Illuminate\\Routing\\Router::runRouteWithinStack():805}()
#26 D:\\WindSurfProjects\\raspadinha_29do7\\vendor\\laravel\\framework\\src\\Illuminate\\Routing\\Middleware\\SubstituteBindings.php(50): Illuminate\\Pipeline\\Pipeline->{closure:Illuminate\\Pipeline\\Pipeline::prepareDestination():142}()
#27 D:\\WindSurfProjects\\raspadinha_29do7\\vendor\\laravel\\framework\\src\\Illuminate\\Pipeline\\Pipeline.php(183): Illuminate\\Routing\\Middleware\\SubstituteBindings->handle()
#28 D:\\WindSurfProjects\\raspadinha_29do7\\vendor\\laravel\\framework\\src\\Illuminate\\Foundation\\Http\\Middleware\\VerifyCsrfToken.php(78): Illuminate\\Pipeline\\Pipeline->{closure:{closure:Illuminate\\Pipeline\\Pipeline::carry():158}:159}()
#29 D:\\WindSurfProjects\\raspadinha_29do7\\vendor\\laravel\\framework\\src\\Illuminate\\Pipeline\\Pipeline.php(183): Illuminate\\Foundation\\Http\\Middleware\\VerifyCsrfToken->handle()
#30 D:\\WindSurfProjects\\raspadinha_29do7\\vendor\\laravel\\framework\\src\\Illuminate\\View\\Middleware\\ShareErrorsFromSession.php(49): Illuminate\\Pipeline\\Pipeline->{closure:{closure:Illuminate\\Pipeline\\Pipeline::carry():158}:159}()
#31 D:\\WindSurfProjects\\raspadinha_29do7\\vendor\\laravel\\framework\\src\\Illuminate\\Pipeline\\Pipeline.php(183): Illuminate\\View\\Middleware\\ShareErrorsFromSession->handle()
#32 D:\\WindSurfProjects\\raspadinha_29do7\\vendor\\laravel\\framework\\src\\Illuminate\\Session\\Middleware\\StartSession.php(121): Illuminate\\Pipeline\\Pipeline->{closure:{closure:Illuminate\\Pipeline\\Pipeline::carry():158}:159}()
#33 D:\\WindSurfProjects\\raspadinha_29do7\\vendor\\laravel\\framework\\src\\Illuminate\\Session\\Middleware\\StartSession.php(64): Illuminate\\Session\\Middleware\\StartSession->handleStatefulRequest()
#34 D:\\WindSurfProjects\\raspadinha_29do7\\vendor\\laravel\\framework\\src\\Illuminate\\Pipeline\\Pipeline.php(183): Illuminate\\Session\\Middleware\\StartSession->handle()
#35 D:\\WindSurfProjects\\raspadinha_29do7\\vendor\\laravel\\framework\\src\\Illuminate\\Cookie\\Middleware\\AddQueuedCookiesToResponse.php(37): Illuminate\\Pipeline\\Pipeline->{closure:{closure:Illuminate\\Pipeline\\Pipeline::carry():158}:159}()
#36 D:\\WindSurfProjects\\raspadinha_29do7\\vendor\\laravel\\framework\\src\\Illuminate\\Pipeline\\Pipeline.php(183): Illuminate\\Cookie\\Middleware\\AddQueuedCookiesToResponse->handle()
#37 D:\\WindSurfProjects\\raspadinha_29do7\\vendor\\laravel\\framework\\src\\Illuminate\\Cookie\\Middleware\\EncryptCookies.php(67): Illuminate\\Pipeline\\Pipeline->{closure:{closure:Illuminate\\Pipeline\\Pipeline::carry():158}:159}()
#38 D:\\WindSurfProjects\\raspadinha_29do7\\vendor\\laravel\\framework\\src\\Illuminate\\Pipeline\\Pipeline.php(183): Illuminate\\Cookie\\Middleware\\EncryptCookies->handle()
#39 D:\\WindSurfProjects\\raspadinha_29do7\\vendor\\laravel\\framework\\src\\Illuminate\\Pipeline\\Pipeline.php(119): Illuminate\\Pipeline\\Pipeline->{closure:{closure:Illuminate\\Pipeline\\Pipeline::carry():158}:159}()
#40 D:\\WindSurfProjects\\raspadinha_29do7\\vendor\\laravel\\framework\\src\\Illuminate\\Routing\\Router.php(805): Illuminate\\Pipeline\\Pipeline->then()
#41 D:\\WindSurfProjects\\raspadinha_29do7\\vendor\\laravel\\framework\\src\\Illuminate\\Routing\\Router.php(784): Illuminate\\Routing\\Router->runRouteWithinStack()
#42 D:\\WindSurfProjects\\raspadinha_29do7\\vendor\\laravel\\framework\\src\\Illuminate\\Routing\\Router.php(748): Illuminate\\Routing\\Router->runRoute()
#43 D:\\WindSurfProjects\\raspadinha_29do7\\vendor\\laravel\\framework\\src\\Illuminate\\Routing\\Router.php(737): Illuminate\\Routing\\Router->dispatchToRoute()
#44 D:\\WindSurfProjects\\raspadinha_29do7\\vendor\\laravel\\framework\\src\\Illuminate\\Foundation\\Http\\Kernel.php(200): Illuminate\\Routing\\Router->dispatch()
#45 D:\\WindSurfProjects\\raspadinha_29do7\\vendor\\laravel\\framework\\src\\Illuminate\\Pipeline\\Pipeline.php(144): Illuminate\\Foundation\\Http\\Kernel->{closure:Illuminate\\Foundation\\Http\\Kernel::dispatchToRouter():197}()
#46 D:\\WindSurfProjects\\raspadinha_29do7\\vendor\\livewire\\livewire\\src\\Features\\SupportDisablingBackButtonCache\\DisableBackButtonCacheMiddleware.php(19): Illuminate\\Pipeline\\Pipeline->{closure:Illuminate\\Pipeline\\Pipeline::prepareDestination():142}()
#47 D:\\WindSurfProjects\\raspadinha_29do7\\vendor\\laravel\\framework\\src\\Illuminate\\Pipeline\\Pipeline.php(183): Livewire\\Features\\SupportDisablingBackButtonCache\\DisableBackButtonCacheMiddleware->handle()
#48 D:\\WindSurfProjects\\raspadinha_29do7\\app\\Http\\Middleware\\LogRequests.php(18): Illuminate\\Pipeline\\Pipeline->{closure:{closure:Illuminate\\Pipeline\\Pipeline::carry():158}:159}()
#49 D:\\WindSurfProjects\\raspadinha_29do7\\vendor\\laravel\\framework\\src\\Illuminate\\Pipeline\\Pipeline.php(183): App\\Http\\Middleware\\LogRequests->handle()
#50 D:\\WindSurfProjects\\raspadinha_29do7\\app\\Http\\Middleware\\SetDefaultLanguage.php(22): Illuminate\\Pipeline\\Pipeline->{closure:{closure:Illuminate\\Pipeline\\Pipeline::carry():158}:159}()
#51 D:\\WindSurfProjects\\raspadinha_29do7\\vendor\\laravel\\framework\\src\\Illuminate\\Pipeline\\Pipeline.php(183): App\\Http\\Middleware\\SetDefaultLanguage->handle()
#52 D:\\WindSurfProjects\\raspadinha_29do7\\vendor\\laravel\\framework\\src\\Illuminate\\Foundation\\Http\\Middleware\\TransformsRequest.php(21): Illuminate\\Pipeline\\Pipeline->{closure:{closure:Illuminate\\Pipeline\\Pipeline::carry():158}:159}()
#53 D:\\WindSurfProjects\\raspadinha_29do7\\vendor\\laravel\\framework\\src\\Illuminate\\Foundation\\Http\\Middleware\\ConvertEmptyStringsToNull.php(31): Illuminate\\Foundation\\Http\\Middleware\\TransformsRequest->handle()
#54 D:\\WindSurfProjects\\raspadinha_29do7\\vendor\\laravel\\framework\\src\\Illuminate\\Pipeline\\Pipeline.php(183): Illuminate\\Foundation\\Http\\Middleware\\ConvertEmptyStringsToNull->handle()
#55 D:\\WindSurfProjects\\raspadinha_29do7\\vendor\\laravel\\framework\\src\\Illuminate\\Foundation\\Http\\Middleware\\TransformsRequest.php(21): Illuminate\\Pipeline\\Pipeline->{closure:{closure:Illuminate\\Pipeline\\Pipeline::carry():158}:159}()
#56 D:\\WindSurfProjects\\raspadinha_29do7\\vendor\\laravel\\framework\\src\\Illuminate\\Foundation\\Http\\Middleware\\TrimStrings.php(40): Illuminate\\Foundation\\Http\\Middleware\\TransformsRequest->handle()
#57 D:\\WindSurfProjects\\raspadinha_29do7\\vendor\\laravel\\framework\\src\\Illuminate\\Pipeline\\Pipeline.php(183): Illuminate\\Foundation\\Http\\Middleware\\TrimStrings->handle()
#58 D:\\WindSurfProjects\\raspadinha_29do7\\vendor\\laravel\\framework\\src\\Illuminate\\Foundation\\Http\\Middleware\\ValidatePostSize.php(27): Illuminate\\Pipeline\\Pipeline->{closure:{closure:Illuminate\\Pipeline\\Pipeline::carry():158}:159}()
#59 D:\\WindSurfProjects\\raspadinha_29do7\\vendor\\laravel\\framework\\src\\Illuminate\\Pipeline\\Pipeline.php(183): Illuminate\\Foundation\\Http\\Middleware\\ValidatePostSize->handle()
#60 D:\\WindSurfProjects\\raspadinha_29do7\\vendor\\laravel\\framework\\src\\Illuminate\\Foundation\\Http\\Middleware\\PreventRequestsDuringMaintenance.php(99): Illuminate\\Pipeline\\Pipeline->{closure:{closure:Illuminate\\Pipeline\\Pipeline::carry():158}:159}()
#61 D:\\WindSurfProjects\\raspadinha_29do7\\vendor\\laravel\\framework\\src\\Illuminate\\Pipeline\\Pipeline.php(183): Illuminate\\Foundation\\Http\\Middleware\\PreventRequestsDuringMaintenance->handle()
#62 D:\\WindSurfProjects\\raspadinha_29do7\\vendor\\laravel\\framework\\src\\Illuminate\\Http\\Middleware\\HandleCors.php(62): Illuminate\\Pipeline\\Pipeline->{closure:{closure:Illuminate\\Pipeline\\Pipeline::carry():158}:159}()
#63 D:\\WindSurfProjects\\raspadinha_29do7\\vendor\\laravel\\framework\\src\\Illuminate\\Pipeline\\Pipeline.php(183): Illuminate\\Http\\Middleware\\HandleCors->handle()
#64 D:\\WindSurfProjects\\raspadinha_29do7\\vendor\\laravel\\framework\\src\\Illuminate\\Http\\Middleware\\TrustProxies.php(39): Illuminate\\Pipeline\\Pipeline->{closure:{closure:Illuminate\\Pipeline\\Pipeline::carry():158}:159}()
#65 D:\\WindSurfProjects\\raspadinha_29do7\\vendor\\laravel\\framework\\src\\Illuminate\\Pipeline\\Pipeline.php(183): Illuminate\\Http\\Middleware\\TrustProxies->handle()
#66 D:\\WindSurfProjects\\raspadinha_29do7\\vendor\\laravel\\framework\\src\\Illuminate\\Pipeline\\Pipeline.php(119): Illuminate\\Pipeline\\Pipeline->{closure:{closure:Illuminate\\Pipeline\\Pipeline::carry():158}:159}()
#67 D:\\WindSurfProjects\\raspadinha_29do7\\vendor\\laravel\\framework\\src\\Illuminate\\Foundation\\Http\\Kernel.php(175): Illuminate\\Pipeline\\Pipeline->then()
#68 D:\\WindSurfProjects\\raspadinha_29do7\\vendor\\laravel\\framework\\src\\Illuminate\\Foundation\\Http\\Kernel.php(144): Illuminate\\Foundation\\Http\\Kernel->sendRequestThroughRouter()
#69 D:\\WindSurfProjects\\raspadinha_29do7\\public\\index.php(51): Illuminate\\Foundation\\Http\\Kernel->handle()
#70 D:\\WindSurfProjects\\raspadinha_29do7\\vendor\\laravel\\framework\\src\\Illuminate\\Foundation\\resources\\server.php(16): require_once('...')
#71 {main}

[previous exception] [object] (PDOException(code: 42S22): SQLSTATE[42S22]: Column not found: 1054 Unknown column 'lotuspay_is_enable' in 'SELECT' at D:\\WindSurfProjects\\raspadinha_29do7\\vendor\\laravel\\framework\\src\\Illuminate\\Database\\Connection.php:423)
[stacktrace]
#0 D:\\WindSurfProjects\\raspadinha_29do7\\vendor\\laravel\\framework\\src\\Illuminate\\Database\\Connection.php(423): PDO->prepare()
#1 D:\\WindSurfProjects\\raspadinha_29do7\\vendor\\laravel\\framework\\src\\Illuminate\\Database\\Connection.php(816): Illuminate\\Database\\Connection->{closure:Illuminate\\Database\\Connection::select():414}()
#2 D:\\WindSurfProjects\\raspadinha_29do7\\vendor\\laravel\\framework\\src\\Illuminate\\Database\\Connection.php(783): Illuminate\\Database\\Connection->runQueryCallback()
#3 D:\\WindSurfProjects\\raspadinha_29do7\\vendor\\laravel\\framework\\src\\Illuminate\\Database\\Connection.php(414): Illuminate\\Database\\Connection->run()
#4 D:\\WindSurfProjects\\raspadinha_29do7\\vendor\\laravel\\framework\\src\\Illuminate\\Database\\Query\\Builder.php(2871): Illuminate\\Database\\Connection->select()
#5 D:\\WindSurfProjects\\raspadinha_29do7\\vendor\\laravel\\framework\\src\\Illuminate\\Database\\Query\\Builder.php(2860): Illuminate\\Database\\Query\\Builder->runSelect()
#6 D:\\WindSurfProjects\\raspadinha_29do7\\vendor\\laravel\\framework\\src\\Illuminate\\Database\\Query\\Builder.php(3414): Illuminate\\Database\\Query\\Builder->{closure:Illuminate\\Database\\Query\\Builder::get():2859}()
#7 D:\\WindSurfProjects\\raspadinha_29do7\\vendor\\laravel\\framework\\src\\Illuminate\\Database\\Query\\Builder.php(2859): Illuminate\\Database\\Query\\Builder->onceWithColumns()
#8 D:\\WindSurfProjects\\raspadinha_29do7\\vendor\\laravel\\framework\\src\\Illuminate\\Database\\Eloquent\\Builder.php(739): Illuminate\\Database\\Query\\Builder->get()
#9 D:\\WindSurfProjects\\raspadinha_29do7\\vendor\\laravel\\framework\\src\\Illuminate\\Database\\Eloquent\\Builder.php(723): Illuminate\\Database\\Eloquent\\Builder->getModels()
#10 D:\\WindSurfProjects\\raspadinha_29do7\\vendor\\laravel\\framework\\src\\Illuminate\\Database\\Concerns\\BuildsQueries.php(333): Illuminate\\Database\\Eloquent\\Builder->get()
#11 D:\\WindSurfProjects\\raspadinha_29do7\\app\\Helpers\\Core.php(1091): Illuminate\\Database\\Eloquent\\Builder->first()
#12 D:\\WindSurfProjects\\raspadinha_29do7\\storage\\framework\\views\\46319660a681dfd0d33e3121dfb85505.php(37): App\\Helpers\\Core::getSetting()
#13 D:\\WindSurfProjects\\raspadinha_29do7\\vendor\\laravel\\framework\\src\\Illuminate\\Filesystem\\Filesystem.php(123): require('...')
#14 D:\\WindSurfProjects\\raspadinha_29do7\\vendor\\laravel\\framework\\src\\Illuminate\\Filesystem\\Filesystem.php(124): Illuminate\\Filesystem\\Filesystem::{closure:Illuminate\\Filesystem\\Filesystem::getRequire():120}()
#15 D:\\WindSurfProjects\\raspadinha_29do7\\vendor\\laravel\\framework\\src\\Illuminate\\View\\Engines\\PhpEngine.php(58): Illuminate\\Filesystem\\Filesystem->getRequire()
#16 D:\\WindSurfProjects\\raspadinha_29do7\\vendor\\livewire\\livewire\\src\\Mechanisms\\ExtendBlade\\ExtendedCompilerEngine.php(22): Illuminate\\View\\Engines\\PhpEngine->evaluatePath()
#17 D:\\WindSurfProjects\\raspadinha_29do7\\vendor\\laravel\\framework\\src\\Illuminate\\View\\Engines\\CompilerEngine.php(72): Livewire\\Mechanisms\\ExtendBlade\\ExtendedCompilerEngine->evaluatePath()
#18 D:\\WindSurfProjects\\raspadinha_29do7\\vendor\\livewire\\livewire\\src\\Mechanisms\\ExtendBlade\\ExtendedCompilerEngine.php(10): Illuminate\\View\\Engines\\CompilerEngine->get()
#19 D:\\WindSurfProjects\\raspadinha_29do7\\vendor\\laravel\\framework\\src\\Illuminate\\View\\View.php(207): Livewire\\Mechanisms\\ExtendBlade\\ExtendedCompilerEngine->get()
#20 D:\\WindSurfProjects\\raspadinha_29do7\\vendor\\laravel\\framework\\src\\Illuminate\\View\\View.php(190): Illuminate\\View\\View->getContents()
#21 D:\\WindSurfProjects\\raspadinha_29do7\\vendor\\laravel\\framework\\src\\Illuminate\\View\\View.php(159): Illuminate\\View\\View->renderContents()
#22 D:\\WindSurfProjects\\raspadinha_29do7\\vendor\\laravel\\framework\\src\\Illuminate\\Http\\Response.php(69): Illuminate\\View\\View->render()
#23 D:\\WindSurfProjects\\raspadinha_29do7\\vendor\\laravel\\framework\\src\\Illuminate\\Http\\Response.php(35): Illuminate\\Http\\Response->setContent()
#24 D:\\WindSurfProjects\\raspadinha_29do7\\vendor\\laravel\\framework\\src\\Illuminate\\Routing\\Router.php(918): Illuminate\\Http\\Response->__construct()
#25 D:\\WindSurfProjects\\raspadinha_29do7\\vendor\\laravel\\framework\\src\\Illuminate\\Routing\\Router.php(885): Illuminate\\Routing\\Router::toResponse()
#26 D:\\WindSurfProjects\\raspadinha_29do7\\vendor\\laravel\\framework\\src\\Illuminate\\Routing\\Router.php(805): Illuminate\\Routing\\Router->prepareResponse()
#27 D:\\WindSurfProjects\\raspadinha_29do7\\vendor\\laravel\\framework\\src\\Illuminate\\Pipeline\\Pipeline.php(144): Illuminate\\Routing\\Router->{closure:Illuminate\\Routing\\Router::runRouteWithinStack():805}()
#28 D:\\WindSurfProjects\\raspadinha_29do7\\vendor\\laravel\\framework\\src\\Illuminate\\Routing\\Middleware\\SubstituteBindings.php(50): Illuminate\\Pipeline\\Pipeline->{closure:Illuminate\\Pipeline\\Pipeline::prepareDestination():142}()
#29 D:\\WindSurfProjects\\raspadinha_29do7\\vendor\\laravel\\framework\\src\\Illuminate\\Pipeline\\Pipeline.php(183): Illuminate\\Routing\\Middleware\\SubstituteBindings->handle()
#30 D:\\WindSurfProjects\\raspadinha_29do7\\vendor\\laravel\\framework\\src\\Illuminate\\Foundation\\Http\\Middleware\\VerifyCsrfToken.php(78): Illuminate\\Pipeline\\Pipeline->{closure:{closure:Illuminate\\Pipeline\\Pipeline::carry():158}:159}()
#31 D:\\WindSurfProjects\\raspadinha_29do7\\vendor\\laravel\\framework\\src\\Illuminate\\Pipeline\\Pipeline.php(183): Illuminate\\Foundation\\Http\\Middleware\\VerifyCsrfToken->handle()
#32 D:\\WindSurfProjects\\raspadinha_29do7\\vendor\\laravel\\framework\\src\\Illuminate\\View\\Middleware\\ShareErrorsFromSession.php(49): Illuminate\\Pipeline\\Pipeline->{closure:{closure:Illuminate\\Pipeline\\Pipeline::carry():158}:159}()
#33 D:\\WindSurfProjects\\raspadinha_29do7\\vendor\\laravel\\framework\\src\\Illuminate\\Pipeline\\Pipeline.php(183): Illuminate\\View\\Middleware\\ShareErrorsFromSession->handle()
#34 D:\\WindSurfProjects\\raspadinha_29do7\\vendor\\laravel\\framework\\src\\Illuminate\\Session\\Middleware\\StartSession.php(121): Illuminate\\Pipeline\\Pipeline->{closure:{closure:Illuminate\\Pipeline\\Pipeline::carry():158}:159}()
#35 D:\\WindSurfProjects\\raspadinha_29do7\\vendor\\laravel\\framework\\src\\Illuminate\\Session\\Middleware\\StartSession.php(64): Illuminate\\Session\\Middleware\\StartSession->handleStatefulRequest()
#36 D:\\WindSurfProjects\\raspadinha_29do7\\vendor\\laravel\\framework\\src\\Illuminate\\Pipeline\\Pipeline.php(183): Illuminate\\Session\\Middleware\\StartSession->handle()
#37 D:\\WindSurfProjects\\raspadinha_29do7\\vendor\\laravel\\framework\\src\\Illuminate\\Cookie\\Middleware\\AddQueuedCookiesToResponse.php(37): Illuminate\\Pipeline\\Pipeline->{closure:{closure:Illuminate\\Pipeline\\Pipeline::carry():158}:159}()
#38 D:\\WindSurfProjects\\raspadinha_29do7\\vendor\\laravel\\framework\\src\\Illuminate\\Pipeline\\Pipeline.php(183): Illuminate\\Cookie\\Middleware\\AddQueuedCookiesToResponse->handle()
#39 D:\\WindSurfProjects\\raspadinha_29do7\\vendor\\laravel\\framework\\src\\Illuminate\\Cookie\\Middleware\\EncryptCookies.php(67): Illuminate\\Pipeline\\Pipeline->{closure:{closure:Illuminate\\Pipeline\\Pipeline::carry():158}:159}()
#40 D:\\WindSurfProjects\\raspadinha_29do7\\vendor\\laravel\\framework\\src\\Illuminate\\Pipeline\\Pipeline.php(183): Illuminate\\Cookie\\Middleware\\EncryptCookies->handle()
#41 D:\\WindSurfProjects\\raspadinha_29do7\\vendor\\laravel\\framework\\src\\Illuminate\\Pipeline\\Pipeline.php(119): Illuminate\\Pipeline\\Pipeline->{closure:{closure:Illuminate\\Pipeline\\Pipeline::carry():158}:159}()
#42 D:\\WindSurfProjects\\raspadinha_29do7\\vendor\\laravel\\framework\\src\\Illuminate\\Routing\\Router.php(805): Illuminate\\Pipeline\\Pipeline->then()
#43 D:\\WindSurfProjects\\raspadinha_29do7\\vendor\\laravel\\framework\\src\\Illuminate\\Routing\\Router.php(784): Illuminate\\Routing\\Router->runRouteWithinStack()
#44 D:\\WindSurfProjects\\raspadinha_29do7\\vendor\\laravel\\framework\\src\\Illuminate\\Routing\\Router.php(748): Illuminate\\Routing\\Router->runRoute()
#45 D:\\WindSurfProjects\\raspadinha_29do7\\vendor\\laravel\\framework\\src\\Illuminate\\Routing\\Router.php(737): Illuminate\\Routing\\Router->dispatchToRoute()
#46 D:\\WindSurfProjects\\raspadinha_29do7\\vendor\\laravel\\framework\\src\\Illuminate\\Foundation\\Http\\Kernel.php(200): Illuminate\\Routing\\Router->dispatch()
#47 D:\\WindSurfProjects\\raspadinha_29do7\\vendor\\laravel\\framework\\src\\Illuminate\\Pipeline\\Pipeline.php(144): Illuminate\\Foundation\\Http\\Kernel->{closure:Illuminate\\Foundation\\Http\\Kernel::dispatchToRouter():197}()
#48 D:\\WindSurfProjects\\raspadinha_29do7\\vendor\\livewire\\livewire\\src\\Features\\SupportDisablingBackButtonCache\\DisableBackButtonCacheMiddleware.php(19): Illuminate\\Pipeline\\Pipeline->{closure:Illuminate\\Pipeline\\Pipeline::prepareDestination():142}()
#49 D:\\WindSurfProjects\\raspadinha_29do7\\vendor\\laravel\\framework\\src\\Illuminate\\Pipeline\\Pipeline.php(183): Livewire\\Features\\SupportDisablingBackButtonCache\\DisableBackButtonCacheMiddleware->handle()
#50 D:\\WindSurfProjects\\raspadinha_29do7\\app\\Http\\Middleware\\LogRequests.php(18): Illuminate\\Pipeline\\Pipeline->{closure:{closure:Illuminate\\Pipeline\\Pipeline::carry():158}:159}()
#51 D:\\WindSurfProjects\\raspadinha_29do7\\vendor\\laravel\\framework\\src\\Illuminate\\Pipeline\\Pipeline.php(183): App\\Http\\Middleware\\LogRequests->handle()
#52 D:\\WindSurfProjects\\raspadinha_29do7\\app\\Http\\Middleware\\SetDefaultLanguage.php(22): Illuminate\\Pipeline\\Pipeline->{closure:{closure:Illuminate\\Pipeline\\Pipeline::carry():158}:159}()
#53 D:\\WindSurfProjects\\raspadinha_29do7\\vendor\\laravel\\framework\\src\\Illuminate\\Pipeline\\Pipeline.php(183): App\\Http\\Middleware\\SetDefaultLanguage->handle()
#54 D:\\WindSurfProjects\\raspadinha_29do7\\vendor\\laravel\\framework\\src\\Illuminate\\Foundation\\Http\\Middleware\\TransformsRequest.php(21): Illuminate\\Pipeline\\Pipeline->{closure:{closure:Illuminate\\Pipeline\\Pipeline::carry():158}:159}()
#55 D:\\WindSurfProjects\\raspadinha_29do7\\vendor\\laravel\\framework\\src\\Illuminate\\Foundation\\Http\\Middleware\\ConvertEmptyStringsToNull.php(31): Illuminate\\Foundation\\Http\\Middleware\\TransformsRequest->handle()
#56 D:\\WindSurfProjects\\raspadinha_29do7\\vendor\\laravel\\framework\\src\\Illuminate\\Pipeline\\Pipeline.php(183): Illuminate\\Foundation\\Http\\Middleware\\ConvertEmptyStringsToNull->handle()
#57 D:\\WindSurfProjects\\raspadinha_29do7\\vendor\\laravel\\framework\\src\\Illuminate\\Foundation\\Http\\Middleware\\TransformsRequest.php(21): Illuminate\\Pipeline\\Pipeline->{closure:{closure:Illuminate\\Pipeline\\Pipeline::carry():158}:159}()
#58 D:\\WindSurfProjects\\raspadinha_29do7\\vendor\\laravel\\framework\\src\\Illuminate\\Foundation\\Http\\Middleware\\TrimStrings.php(40): Illuminate\\Foundation\\Http\\Middleware\\TransformsRequest->handle()
#59 D:\\WindSurfProjects\\raspadinha_29do7\\vendor\\laravel\\framework\\src\\Illuminate\\Pipeline\\Pipeline.php(183): Illuminate\\Foundation\\Http\\Middleware\\TrimStrings->handle()
#60 D:\\WindSurfProjects\\raspadinha_29do7\\vendor\\laravel\\framework\\src\\Illuminate\\Foundation\\Http\\Middleware\\ValidatePostSize.php(27): Illuminate\\Pipeline\\Pipeline->{closure:{closure:Illuminate\\Pipeline\\Pipeline::carry():158}:159}()
#61 D:\\WindSurfProjects\\raspadinha_29do7\\vendor\\laravel\\framework\\src\\Illuminate\\Pipeline\\Pipeline.php(183): Illuminate\\Foundation\\Http\\Middleware\\ValidatePostSize->handle()
#62 D:\\WindSurfProjects\\raspadinha_29do7\\vendor\\laravel\\framework\\src\\Illuminate\\Foundation\\Http\\Middleware\\PreventRequestsDuringMaintenance.php(99): Illuminate\\Pipeline\\Pipeline->{closure:{closure:Illuminate\\Pipeline\\Pipeline::carry():158}:159}()
#63 D:\\WindSurfProjects\\raspadinha_29do7\\vendor\\laravel\\framework\\src\\Illuminate\\Pipeline\\Pipeline.php(183): Illuminate\\Foundation\\Http\\Middleware\\PreventRequestsDuringMaintenance->handle()
#64 D:\\WindSurfProjects\\raspadinha_29do7\\vendor\\laravel\\framework\\src\\Illuminate\\Http\\Middleware\\HandleCors.php(62): Illuminate\\Pipeline\\Pipeline->{closure:{closure:Illuminate\\Pipeline\\Pipeline::carry():158}:159}()
#65 D:\\WindSurfProjects\\raspadinha_29do7\\vendor\\laravel\\framework\\src\\Illuminate\\Pipeline\\Pipeline.php(183): Illuminate\\Http\\Middleware\\HandleCors->handle()
#66 D:\\WindSurfProjects\\raspadinha_29do7\\vendor\\laravel\\framework\\src\\Illuminate\\Http\\Middleware\\TrustProxies.php(39): Illuminate\\Pipeline\\Pipeline->{closure:{closure:Illuminate\\Pipeline\\Pipeline::carry():158}:159}()
#67 D:\\WindSurfProjects\\raspadinha_29do7\\vendor\\laravel\\framework\\src\\Illuminate\\Pipeline\\Pipeline.php(183): Illuminate\\Http\\Middleware\\TrustProxies->handle()
#68 D:\\WindSurfProjects\\raspadinha_29do7\\vendor\\laravel\\framework\\src\\Illuminate\\Pipeline\\Pipeline.php(119): Illuminate\\Pipeline\\Pipeline->{closure:{closure:Illuminate\\Pipeline\\Pipeline::carry():158}:159}()
#69 D:\\WindSurfProjects\\raspadinha_29do7\\vendor\\laravel\\framework\\src\\Illuminate\\Foundation\\Http\\Kernel.php(175): Illuminate\\Pipeline\\Pipeline->then()
#70 D:\\WindSurfProjects\\raspadinha_29do7\\vendor\\laravel\\framework\\src\\Illuminate\\Foundation\\Http\\Kernel.php(144): Illuminate\\Foundation\\Http\\Kernel->sendRequestThroughRouter()
#71 D:\\WindSurfProjects\\raspadinha_29do7\\public\\index.php(51): Illuminate\\Foundation\\Http\\Kernel->handle()
#72 D:\\WindSurfProjects\\raspadinha_29do7\\vendor\\laravel\\framework\\src\\Illuminate\\Foundation\\resources\\server.php(16): require_once('...')
#73 {main}
"} 
[2025-09-09 22:17:04] local.INFO: Request: {"url":"http://localhost:8000","method":"GET","parameters":[]} 
[2025-09-09 22:17:05] local.INFO: Request: {"url":"http://localhost:8000/api/distribution/check","method":"POST","parameters":[]} 
[2025-09-09 22:17:05] local.INFO: Request: {"url":"http://localhost:8000/api/settings/data","method":"GET","parameters":[]} 
[2025-09-09 22:17:05] local.INFO: Request: {"url":"http://localhost:8000/api/distribution/process","method":"POST","parameters":[]} 
[2025-09-09 22:17:06] local.INFO: Request: {"url":"http://localhost:8000/api/settings/banners","method":"GET","parameters":[]} 
[2025-09-09 22:17:06] local.INFO: Request: {"url":"http://localhost:8000/api/categories","method":"GET","parameters":[]} 
[2025-09-09 22:17:06] local.INFO: Request: {"url":"http://localhost:8000/api/custom-layout","method":"GET","parameters":[]} 
[2025-09-09 22:17:07] local.INFO: Request: {"url":"http://localhost:8000/api/games/all","method":"GET","parameters":[]} 
[2025-09-09 22:17:07] local.INFO: Request: {"url":"http://localhost:8000/api/featured/games","method":"GET","parameters":[]} 
[2025-09-09 22:17:07] local.INFO: Buscando jogos em destaque  
[2025-09-09 22:17:07] local.INFO: Jogos da seo 1: {"count":2} 
[2025-09-09 22:17:07] local.INFO: Jogos da seo 2 (NOME AQUI3): {"count":6,"games":["Tigre Sortudo","Fortune Rabbit","Fortune Dragon","Wild Ape","Fortune Snake","Rato Sortudo"]} 
[2025-09-09 22:17:07] local.INFO: Request: {"url":"http://localhost:8000/storage/uploads/login.jpg","method":"GET","parameters":[]} 
[2025-09-09 22:17:07] local.INFO: Request: {"url":"http://localhost:8000/storage/uploads/Register.jpg","method":"GET","parameters":[]} 
[2025-09-09 22:17:08] local.INFO: Request: {"url":"http://localhost:8000/api/raspadinhas","method":"GET","parameters":[]} 
[2025-09-09 22:17:08] local.INFO: Request: {"url":"http://localhost:8000/storage/01K11CFY28TGN1BKZG3YWYN0EY.webp","method":"GET","parameters":[]} 
[2025-09-09 22:17:15] local.INFO: Request: {"url":"http://localhost:8000/storage/uploads/login.jpg","method":"GET","parameters":[]} 
[2025-09-09 22:17:15] local.INFO: Request: {"url":"http://localhost:8000/api/categories","method":"GET","parameters":[]} 
[2025-09-09 22:17:16] local.INFO: Request: {"url":"http://localhost:8000/api/custom-layout","method":"GET","parameters":[]} 
[2025-09-09 22:17:16] local.INFO: Request: {"url":"http://localhost:8000/storage/uploads/Register.jpg","method":"GET","parameters":[]} 
[2025-09-09 22:17:16] local.INFO: Request: {"url":"http://localhost:8000/storage/[]","method":"GET","parameters":[]} 
[2025-09-09 23:54:00] local.INFO: Request: {"url":"http://localhost:8000/api/distribution/process","method":"POST","parameters":[]} 
[2025-09-10 11:14:01] local.INFO: Request: {"url":"http://localhost:8000/register","method":"GET","parameters":[]} 
[2025-09-10 11:14:04] local.INFO: Request: {"url":"http://localhost:8000/api/distribution/check","method":"POST","parameters":[]} 
[2025-09-10 11:14:05] local.INFO: Request: {"url":"http://localhost:8000/api/settings/data","method":"GET","parameters":[]} 
[2025-09-10 11:14:05] local.INFO: Request: {"url":"http://localhost:8000/api/distribution/process","method":"POST","parameters":[]} 
[2025-09-10 11:14:09] local.INFO: Request: {"url":"http://localhost:8000/api/categories","method":"GET","parameters":[]} 
[2025-09-10 11:14:09] local.INFO: Request: {"url":"http://localhost:8000/api/custom-layout","method":"GET","parameters":[]} 
[2025-09-10 11:14:09] local.INFO: Request: {"url":"http://localhost:8000/storage/uploads/login.jpg","method":"GET","parameters":[]} 
[2025-09-10 11:14:10] local.INFO: Request: {"url":"http://localhost:8000/storage/uploads/Register.jpg","method":"GET","parameters":[]} 
[2025-09-10 11:14:10] local.INFO: Request: {"url":"http://localhost:8000/storage/[]","method":"GET","parameters":[]} 
[2025-09-10 11:14:11] local.INFO: Request: {"url":"http://localhost:8000/register","method":"GET","parameters":[]} 
[2025-09-10 11:14:11] local.INFO: Request: {"url":"http://localhost:8000/api/distribution/check","method":"POST","parameters":[]} 
[2025-09-10 11:14:12] local.INFO: Request: {"url":"http://localhost:8000/api/settings/data","method":"GET","parameters":[]} 
[2025-09-10 11:14:12] local.INFO: Request: {"url":"http://localhost:8000/api/distribution/process","method":"POST","parameters":[]} 
[2025-09-10 11:14:12] local.INFO: Request: {"url":"http://localhost:8000/api/categories","method":"GET","parameters":[]} 
[2025-09-10 11:14:12] local.INFO: Request: {"url":"http://localhost:8000/api/custom-layout","method":"GET","parameters":[]} 
[2025-09-10 11:14:13] local.INFO: Request: {"url":"http://localhost:8000/storage/uploads/login.jpg","method":"GET","parameters":[]} 
[2025-09-10 11:14:13] local.INFO: Request: {"url":"http://localhost:8000/storage/uploads/Register.jpg","method":"GET","parameters":[]} 
[2025-09-10 11:14:13] local.INFO: Request: {"url":"http://localhost:8000/storage/[]","method":"GET","parameters":[]} 
[2025-09-10 11:14:37] local.INFO: Request: {"url":"http://localhost:8000/register","method":"GET","parameters":[]} 
[2025-09-10 11:14:38] local.INFO: Request: {"url":"http://localhost:8000/api/distribution/check","method":"POST","parameters":[]} 
[2025-09-10 11:14:38] local.INFO: Request: {"url":"http://localhost:8000/api/settings/data","method":"GET","parameters":[]} 
[2025-09-10 11:14:39] local.INFO: Request: {"url":"http://localhost:8000/api/distribution/process","method":"POST","parameters":[]} 
[2025-09-10 11:14:39] local.INFO: Request: {"url":"http://localhost:8000/api/categories","method":"GET","parameters":[]} 
[2025-09-10 11:14:39] local.INFO: Request: {"url":"http://localhost:8000/api/custom-layout","method":"GET","parameters":[]} 
[2025-09-10 11:14:40] local.INFO: Request: {"url":"http://localhost:8000/storage/uploads/login.jpg","method":"GET","parameters":[]} 
[2025-09-10 11:14:40] local.INFO: Request: {"url":"http://localhost:8000/storage/uploads/Register.jpg","method":"GET","parameters":[]} 
[2025-09-10 11:14:40] local.INFO: Request: {"url":"http://localhost:8000/storage/[]","method":"GET","parameters":[]} 
[2025-09-10 11:14:53] local.INFO: Request: {"url":"http://localhost:8000/register","method":"GET","parameters":[]} 
[2025-09-10 11:14:54] local.INFO: Request: {"url":"http://localhost:8000/api/distribution/check","method":"POST","parameters":[]} 
[2025-09-10 11:14:54] local.INFO: Request: {"url":"http://localhost:8000/api/settings/data","method":"GET","parameters":[]} 
[2025-09-10 11:14:54] local.INFO: Request: {"url":"http://localhost:8000/api/distribution/process","method":"POST","parameters":[]} 
[2025-09-10 11:14:55] local.INFO: Request: {"url":"http://localhost:8000/api/categories","method":"GET","parameters":[]} 
[2025-09-10 11:14:55] local.INFO: Request: {"url":"http://localhost:8000/api/custom-layout","method":"GET","parameters":[]} 
[2025-09-10 11:14:55] local.INFO: Request: {"url":"http://localhost:8000/storage/uploads/login.jpg","method":"GET","parameters":[]} 
[2025-09-10 11:14:55] local.INFO: Request: {"url":"http://localhost:8000/storage/uploads/Register.jpg","method":"GET","parameters":[]} 
[2025-09-10 11:14:55] local.INFO: Request: {"url":"http://localhost:8000/register","method":"GET","parameters":[]} 
[2025-09-10 11:14:56] local.INFO: Request: {"url":"http://localhost:8000/storage/[]","method":"GET","parameters":[]} 
[2025-09-10 11:14:57] local.INFO: Request: {"url":"http://localhost:8000/api/distribution/check","method":"POST","parameters":[]} 
[2025-09-10 11:14:57] local.INFO: Request: {"url":"http://localhost:8000/api/settings/data","method":"GET","parameters":[]} 
[2025-09-10 11:14:57] local.INFO: Request: {"url":"http://localhost:8000/api/distribution/process","method":"POST","parameters":[]} 
[2025-09-10 11:14:58] local.INFO: Request: {"url":"http://localhost:8000/api/categories","method":"GET","parameters":[]} 
[2025-09-10 11:14:58] local.INFO: Request: {"url":"http://localhost:8000/api/custom-layout","method":"GET","parameters":[]} 
[2025-09-10 11:14:58] local.INFO: Request: {"url":"http://localhost:8000/storage/[]","method":"GET","parameters":[]} 
[2025-09-10 11:14:58] local.INFO: Request: {"url":"http://localhost:8000/storage/uploads/login.jpg","method":"GET","parameters":[]} 
[2025-09-10 11:14:59] local.INFO: Request: {"url":"http://localhost:8000/storage/uploads/Register.jpg","method":"GET","parameters":[]} 
[2025-09-10 11:17:15] local.INFO: Request: {"url":"http://localhost:8000/.well-known/appspecific/com.chrome.devtools.json","method":"GET","parameters":[]} 
[2025-09-10 11:17:28] local.INFO: Request: {"url":"http://localhost:8000/register","method":"GET","parameters":[]} 
[2025-09-10 11:17:28] local.INFO: Request: {"url":"http://localhost:8000/.well-known/appspecific/com.chrome.devtools.json","method":"GET","parameters":[]} 
[2025-09-10 11:17:30] local.INFO: Request: {"url":"http://localhost:8000/api/distribution/check","method":"POST","parameters":[]} 
[2025-09-10 11:17:31] local.INFO: Request: {"url":"http://localhost:8000/api/settings/data","method":"GET","parameters":[]} 
[2025-09-10 11:17:31] local.INFO: Request: {"url":"http://localhost:8000/api/categories","method":"GET","parameters":[]} 
[2025-09-10 11:17:31] local.INFO: Request: {"url":"http://localhost:8000/api/custom-layout","method":"GET","parameters":[]} 
[2025-09-10 11:17:31] local.INFO: Request: {"url":"http://localhost:8000/api/distribution/process","method":"POST","parameters":[]} 
[2025-09-10 11:17:32] local.INFO: Request: {"url":"http://localhost:8000/storage/uploads/login.jpg","method":"GET","parameters":[]} 
[2025-09-10 11:17:32] local.INFO: Request: {"url":"http://localhost:8000/storage/uploads/Register.jpg","method":"GET","parameters":[]} 
[2025-09-10 11:17:32] local.INFO: Request: {"url":"http://localhost:8000/storage/[]","method":"GET","parameters":[]} 
[2025-09-10 11:17:50] local.INFO: Request: {"url":"http://localhost:8000/register","method":"GET","parameters":[]} 
[2025-09-10 11:17:50] local.INFO: Request: {"url":"http://localhost:8000/.well-known/appspecific/com.chrome.devtools.json","method":"GET","parameters":[]} 
[2025-09-10 11:17:51] local.INFO: Request: {"url":"http://localhost:8000/api/distribution/check","method":"POST","parameters":[]} 
[2025-09-10 11:17:51] local.INFO: Request: {"url":"http://localhost:8000/api/settings/data","method":"GET","parameters":[]} 
[2025-09-10 11:17:52] local.INFO: Request: {"url":"http://localhost:8000/api/categories","method":"GET","parameters":[]} 
[2025-09-10 11:17:52] local.INFO: Request: {"url":"http://localhost:8000/api/custom-layout","method":"GET","parameters":[]} 
[2025-09-10 11:17:52] local.INFO: Request: {"url":"http://localhost:8000/api/distribution/process","method":"POST","parameters":[]} 
[2025-09-10 11:17:53] local.INFO: Request: {"url":"http://localhost:8000/storage/uploads/login.jpg","method":"GET","parameters":[]} 
[2025-09-10 11:17:53] local.INFO: Request: {"url":"http://localhost:8000/storage/uploads/Register.jpg","method":"GET","parameters":[]} 
[2025-09-10 11:17:53] local.INFO: Request: {"url":"http://localhost:8000/storage/[]","method":"GET","parameters":[]} 
[2025-09-10 11:18:42] local.INFO: Request: {"url":"http://localhost:8000/terms","method":"GET","parameters":[]} 
[2025-09-10 11:18:43] local.INFO: Request: {"url":"http://localhost:8000/api/distribution/check","method":"POST","parameters":[]} 
[2025-09-10 11:18:43] local.INFO: Request: {"url":"http://localhost:8000/api/settings/data","method":"GET","parameters":[]} 
[2025-09-10 11:18:43] local.INFO: Request: {"url":"http://localhost:8000/api/distribution/process","method":"POST","parameters":[]} 
[2025-09-10 11:18:43] local.INFO: Request: {"url":"http://localhost:8000/api/categories","method":"GET","parameters":[]} 
[2025-09-10 11:18:44] local.INFO: Request: {"url":"http://localhost:8000/api/custom-layout","method":"GET","parameters":[]} 
[2025-09-10 11:18:44] local.INFO: Request: {"url":"http://localhost:8000/storage/uploads/login.jpg","method":"GET","parameters":[]} 
[2025-09-10 11:18:44] local.INFO: Request: {"url":"http://localhost:8000/storage/uploads/Register.jpg","method":"GET","parameters":[]} 
[2025-09-10 11:18:58] local.INFO: Request: {"url":"http://localhost:8000","method":"GET","parameters":[]} 
[2025-09-10 11:18:59] local.INFO: Request: {"url":"http://localhost:8000/api/distribution/check","method":"POST","parameters":[]} 
[2025-09-10 11:18:59] local.INFO: Request: {"url":"http://localhost:8000/api/settings/data","method":"GET","parameters":[]} 
[2025-09-10 11:18:59] local.INFO: Request: {"url":"http://localhost:8000/api/distribution/process","method":"POST","parameters":[]} 
[2025-09-10 11:19:00] local.INFO: Request: {"url":"http://localhost:8000/api/settings/banners","method":"GET","parameters":[]} 
[2025-09-10 11:19:00] local.INFO: Request: {"url":"http://localhost:8000/api/categories","method":"GET","parameters":[]} 
[2025-09-10 11:19:00] local.INFO: Request: {"url":"http://localhost:8000/api/custom-layout","method":"GET","parameters":[]} 
[2025-09-10 11:19:01] local.INFO: Request: {"url":"http://localhost:8000/api/games/all","method":"GET","parameters":[]} 
[2025-09-10 11:19:01] local.INFO: Request: {"url":"http://localhost:8000/storage/uploads/login.jpg","method":"GET","parameters":[]} 
[2025-09-10 11:19:01] local.INFO: Request: {"url":"http://localhost:8000/api/featured/games","method":"GET","parameters":[]} 
[2025-09-10 11:19:01] local.INFO: Buscando jogos em destaque  
[2025-09-10 11:19:01] local.INFO: Jogos da seo 1: {"count":2} 
[2025-09-10 11:19:01] local.INFO: Jogos da seo 2 (NOME AQUI3): {"count":6,"games":["Tigre Sortudo","Fortune Rabbit","Fortune Dragon","Wild Ape","Fortune Snake","Rato Sortudo"]} 
[2025-09-10 11:19:02] local.INFO: Request: {"url":"http://localhost:8000/storage/uploads/Register.jpg","method":"GET","parameters":[]} 
[2025-09-10 11:19:02] local.INFO: Request: {"url":"http://localhost:8000/storage/01K11CFY28TGN1BKZG3YWYN0EY.webp","method":"GET","parameters":[]} 
[2025-09-10 11:19:02] local.INFO: Request: {"url":"http://localhost:8000/api/raspadinhas","method":"GET","parameters":[]} 
[2025-09-10 11:19:08] local.INFO: Request: {"url":"http://localhost:8000/storage/uploads/login.jpg","method":"GET","parameters":[]} 
[2025-09-10 11:19:08] local.INFO: Request: {"url":"http://localhost:8000/api/categories","method":"GET","parameters":[]} 
[2025-09-10 11:19:09] local.INFO: Request: {"url":"http://localhost:8000/api/custom-layout","method":"GET","parameters":[]} 
[2025-09-10 11:19:09] local.INFO: Request: {"url":"http://localhost:8000/storage/uploads/Register.jpg","method":"GET","parameters":[]} 
[2025-09-10 11:19:09] local.INFO: Request: {"url":"http://localhost:8000/storage/[]","method":"GET","parameters":[]} 
